<?xml version="1.0" encoding="UTF-8"?>
<testsuite name="thompson.library.system.daos.DaoManagerFactoryTest" tests="1" skipped="0" failures="0" errors="0" timestamp="2016-10-22T19:43:21" hostname="jonathans-Air.home" time="0.002">
  <properties/>
  <testcase name="getDaoManagerTest" classname="thompson.library.system.daos.DaoManagerFactoryTest" time="0.002"/>
  <system-out><![CDATA[]]></system-out>
  <system-err><![CDATA[]]></system-err>
</testsuite>
