<?xml version="1.0" encoding="UTF-8"?>
<testsuite name="thompson.library.system.services.BranchServicesTest" tests="2" skipped="0" failures="0" errors="0" timestamp="2016-10-16T22:17:10" hostname="jonathans-Air.home" time="0.013">
  <properties/>
  <testcase name="testReturnItemReservationOverdueAllReturned" classname="thompson.library.system.services.BranchServicesTest" time="0.01"/>
  <testcase name="testReturnItemNoReservationNotOverdueNotAllReturned" classname="thompson.library.system.services.BranchServicesTest" time="0.001"/>
  <system-out><![CDATA[]]></system-out>
  <system-err><![CDATA[]]></system-err>
</testsuite>
