<?xml version="1.0" encoding="UTF-8"?>
<testsuite name="thompson.library.system.daos.BranchItemDaoTest" tests="1" skipped="0" failures="0" errors="0" timestamp="2016-10-16T22:17:09" hostname="jonathans-Air.home" time="0.022">
  <properties/>
  <testcase name="testUpdateBranchItem" classname="thompson.library.system.daos.BranchItemDaoTest" time="0.022"/>
  <system-out><![CDATA[]]></system-out>
  <system-err><![CDATA[]]></system-err>
</testsuite>
