<?xml version="1.0" encoding="UTF-8"?>
<testsuite name="thompson.library.system.daos.DaoManagerImplTest" tests="5" skipped="0" failures="0" errors="0" timestamp="2016-10-16T22:17:09" hostname="jonathans-Air.home" time="0.01">
  <properties/>
  <testcase name="testGetCheckoutDao" classname="thompson.library.system.daos.DaoManagerImplTest" time="0.0"/>
  <testcase name="testGetBranchItemDao" classname="thompson.library.system.daos.DaoManagerImplTest" time="0.0"/>
  <testcase name="testGetPatronDao" classname="thompson.library.system.daos.DaoManagerImplTest" time="0.003"/>
  <testcase name="testGetBranchItemCheckoutDao" classname="thompson.library.system.daos.DaoManagerImplTest" time="0.0"/>
  <testcase name="testGetReservationDao" classname="thompson.library.system.daos.DaoManagerImplTest" time="0.002"/>
  <system-out><![CDATA[]]></system-out>
  <system-err><![CDATA[]]></system-err>
</testsuite>
